<?xml version="1.0" encoding="UTF-8"?>
<!-- Generated by org.testng.reporters.JUnitReportReporter -->
<testsuite hostname="Paulson" failures="0" tests="5" name="testCases.TC_003_LoginTestDDT" time="50.353" errors="0" timestamp="2023-07-01T21:23:57 BST" skipped="0">
  <testcase classname="testCases.TC_003_LoginTestDDT" name="login" time="11.692"/>
  <system-out/>
  <testcase classname="testCases.TC_003_LoginTestDDT" name="login" time="11.042"/>
  <system-out/>
  <testcase classname="testCases.TC_003_LoginTestDDT" name="login" time="13.597"/>
  <system-out/>
  <testcase classname="testCases.TC_003_LoginTestDDT" name="login" time="11.166"/>
  <system-out/>
  <testcase classname="testCases.TC_003_LoginTestDDT" name="login" time="2.856"/>
  <system-out/>
</testsuite> <!-- testCases.TC_003_LoginTestDDT -->
