<?xml version="1.0" encoding="UTF-8"?>
<!-- Generated by org.testng.reporters.JUnitReportReporter -->
<testsuite hostname="Paulson" failures="0" tests="1" name="testCases.TC_001_AccountRegistrationTest" time="6.220" errors="0" timestamp="2023-07-01T22:34:34 BST" skipped="0">
  <testcase classname="testCases.TC_001_AccountRegistrationTest" name="test_account_Registration" time="6.220"/>
  <system-out/>
</testsuite> <!-- testCases.TC_001_AccountRegistrationTest -->
