<?xml version="1.0" encoding="UTF-8"?>
<!-- Generated by org.testng.reporters.JUnitReportReporter -->
<testsuite hostname="Paulson" failures="0" tests="5" name="testCases.TC_003_LoginTestDDT" time="46.209" errors="0" timestamp="2023-07-02T09:17:30 BST" skipped="0">
  <testcase classname="testCases.TC_003_LoginTestDDT" name="login" time="11.621"/>
  <testcase classname="testCases.TC_003_LoginTestDDT" name="login" time="1.449"/>
  <testcase classname="testCases.TC_003_LoginTestDDT" name="login" time="10.975"/>
  <testcase classname="testCases.TC_003_LoginTestDDT" name="login" time="11.075"/>
  <testcase classname="testCases.TC_003_LoginTestDDT" name="login" time="11.089"/>
</testsuite> <!-- testCases.TC_003_LoginTestDDT -->
