<?xml version="1.0" encoding="UTF-8"?>
<!-- Generated by org.testng.reporters.JUnitReportReporter -->
<testsuite hostname="Paulson" failures="0" tests="1" name="testCases.TC_002_LoginTest" time="1.846" errors="0" timestamp="2023-07-02T10:04:54 BST" skipped="0">
  <testcase classname="testCases.TC_002_LoginTest" name="login" time="1.846"/>
</testsuite> <!-- testCases.TC_002_LoginTest -->
